  [1m[35mSQL (0.1ms)[0m  [1m[35mSET search_path TO public /*application='Caster'*/[0m
  [1m[35m (70.3ms)[0m  [1m[35mCREATE DATABASE "caster_development" ENCODING = 'unicode' /*application='Caster'*/[0m
  [1m[35mSQL (0.0ms)[0m  [1m[35mSET search_path TO public /*application='Caster'*/[0m
  [1m[35m (27.7ms)[0m  [1m[35mCREATE DATABASE "caster_test" ENCODING = 'unicode' /*application='Caster'*/[0m
  [1m[35m (11.5ms)[0m  [1m[35mCREATE TABLE "schema_migrations" ("version" character varying NOT NULL PRIMARY KEY) /*application='Caster'*/[0m
  [1m[35m (12.1ms)[0m  [1m[35mCREATE TABLE "ar_internal_metadata" ("key" character varying NOT NULL PRIMARY KEY, "value" character varying, "created_at" timestamp(6) NOT NULL, "updated_at" timestamp(6) NOT NULL) /*application='Caster'*/[0m
  [1m[35m (0.1ms)[0m  [1m[34mSELECT pg_try_advisory_lock(7302014074418807310) /*application='Caster'*/[0m
  [1m[36mActiveRecord::SchemaMigration Load (0.2ms)[0m  [1m[34mSELECT "schema_migrations"."version" FROM "schema_migrations" ORDER BY "schema_migrations"."version" ASC /*application='Caster'*/[0m
  [1m[36mActiveRecord::InternalMetadata Load (0.3ms)[0m  [1m[34mSELECT * FROM "ar_internal_metadata" WHERE "ar_internal_metadata"."key" = 'environment' ORDER BY "ar_internal_metadata"."key" ASC LIMIT 1 /*application='Caster'*/[0m
  [1m[36mActiveRecord::InternalMetadata Create (1.6ms)[0m  [1m[32mINSERT INTO "ar_internal_metadata" ("key", "value", "created_at", "updated_at") VALUES ('environment', 'development', '2026-04-18 05:47:22.123575', '2026-04-18 05:47:22.123577') RETURNING "key" /*application='Caster'*/[0m
Migrating to CreateFeedProfiles (20260418013132)
  [1m[36mTRANSACTION (0.0ms)[0m  [1m[35mBEGIN /*application='Caster'*/[0m
  [1m[35m (11.3ms)[0m  [1m[35mCREATE TABLE "feed_profiles" ("id" bigserial primary key, "name" character varying NOT NULL, "source_identifier" character varying NOT NULL, "description" character varying, "created_at" timestamp(6) NOT NULL, "updated_at" timestamp(6) NOT NULL) /*application='Caster'*/[0m
  [1m[36mActiveRecord::SchemaMigration Create (0.1ms)[0m  [1m[32mINSERT INTO "schema_migrations" ("version") VALUES ('20260418013132') RETURNING "version" /*application='Caster'*/[0m
  [1m[36mTRANSACTION (0.9ms)[0m  [1m[35mCOMMIT /*application='Caster'*/[0m
Migrating to CreateFeedColumns (20260418013140)
  [1m[36mTRANSACTION (0.0ms)[0m  [1m[35mBEGIN /*application='Caster'*/[0m
  [1m[35m (10.4ms)[0m  [1m[35mCREATE TABLE "feed_columns" ("id" bigserial primary key, "feed_profile_id" bigint NOT NULL, "raw_column_name" character varying NOT NULL, "canonical_field_name" character varying NOT NULL, "required" boolean DEFAULT FALSE NOT NULL, "created_at" timestamp(6) NOT NULL, CONSTRAINT "fk_rails_14c85ecc84"
FOREIGN KEY ("feed_profile_id")
  REFERENCES "feed_profiles" ("id")
) /*application='Caster'*/[0m
  [1m[35m (4.9ms)[0m  [1m[35mCREATE INDEX "index_feed_columns_on_feed_profile_id" ON "feed_columns" ("feed_profile_id") /*application='Caster'*/[0m
  [1m[36mActiveRecord::SchemaMigration Create (0.1ms)[0m  [1m[32mINSERT INTO "schema_migrations" ("version") VALUES ('20260418013140') RETURNING "version" /*application='Caster'*/[0m
  [1m[36mTRANSACTION (1.4ms)[0m  [1m[35mCOMMIT /*application='Caster'*/[0m
Migrating to CreateRawListings (20260418013146)
  [1m[36mTRANSACTION (0.0ms)[0m  [1m[35mBEGIN /*application='Caster'*/[0m
  [1m[35m (10.4ms)[0m  [1m[35mCREATE TABLE "raw_listings" ("id" bigserial primary key, "feed_profile_id" bigint NOT NULL, "raw_data" jsonb NOT NULL, "source_file" character varying, "ingested_at" timestamp(6) NOT NULL, CONSTRAINT "fk_rails_d27dca2abd"
FOREIGN KEY ("feed_profile_id")
  REFERENCES "feed_profiles" ("id")
) /*application='Caster'*/[0m
  [1m[35m (4.9ms)[0m  [1m[35mCREATE INDEX "index_raw_listings_on_feed_profile_id" ON "raw_listings" ("feed_profile_id") /*application='Caster'*/[0m
  [1m[36mActiveRecord::SchemaMigration Create (0.1ms)[0m  [1m[32mINSERT INTO "schema_migrations" ("version") VALUES ('20260418013146') RETURNING "version" /*application='Caster'*/[0m
  [1m[36mTRANSACTION (0.9ms)[0m  [1m[35mCOMMIT /*application='Caster'*/[0m
Migrating to CreateListings (20260418013151)
  [1m[36mTRANSACTION (0.0ms)[0m  [1m[35mBEGIN /*application='Caster'*/[0m
  [1m[35m (12.5ms)[0m  [1m[35mCREATE TABLE "listings" ("id" bigserial primary key, "raw_listing_id" bigint NOT NULL, "mls_number" character varying NOT NULL, "listing_status" character varying NOT NULL, "street_address" character varying NOT NULL, "city" character varying NOT NULL, "state" character varying NOT NULL, "zip_code" character varying NOT NULL, "latitude" decimal(10,7), "longitude" decimal(10,7), "mls_area_id" character varying, "mls_area_name" character varying, "property_type" character varying, "property_sub_type" character varying, "bedrooms" integer, "full_baths" integer, "half_baths" integer, "sq_ft_total" integer, "lot_size_sqft" integer, "age_years" integer, "construction_type" character varying, "building_type" text, "parking_features" text, "parking_spaces" integer, "garage_spaces" integer, "list_price_cents" bigint NOT NULL, "sale_price_cents" bigint, "listed_at" date NOT NULL, "expires_at" date, "sale_agreed_at" date, "off_market_at" date, "closed_at" date, "days_on_market" integer, "created_at" timestamp(6) NOT NULL, "updated_at" timestamp(6) NOT NULL, CONSTRAINT "fk_rails_3fc8a4fe54"
FOREIGN KEY ("raw_listing_id")
  REFERENCES "raw_listings" ("id")
) /*application='Caster'*/[0m
  [1m[35m (4.9ms)[0m  [1m[35mCREATE INDEX "index_listings_on_raw_listing_id" ON "listings" ("raw_listing_id") /*application='Caster'*/[0m
  [1m[35m (4.9ms)[0m  [1m[35mCREATE UNIQUE INDEX "index_listings_on_mls_number" ON "listings" ("mls_number") /*application='Caster'*/[0m
  [1m[36mActiveRecord::SchemaMigration Create (0.1ms)[0m  [1m[32mINSERT INTO "schema_migrations" ("version") VALUES ('20260418013151') RETURNING "version" /*application='Caster'*/[0m
  [1m[36mTRANSACTION (1.4ms)[0m  [1m[35mCOMMIT /*application='Caster'*/[0m
Migrating to CreateListingSnapshots (20260418013157)
  [1m[36mTRANSACTION (0.0ms)[0m  [1m[35mBEGIN /*application='Caster'*/[0m
  [1m[35m (11.5ms)[0m  [1m[35mCREATE TABLE "listing_snapshots" ("id" bigserial primary key, "listing_id" bigint NOT NULL, "raw_listing_id" bigint NOT NULL, "snapshot_date" date NOT NULL, "listing_status" character varying NOT NULL, "list_price_cents" bigint NOT NULL, "sale_price_cents" bigint, "days_on_market" integer, "created_at" timestamp(6) NOT NULL, CONSTRAINT "fk_rails_f436f1e36d"
FOREIGN KEY ("listing_id")
  REFERENCES "listings" ("id")
, CONSTRAINT "fk_rails_d475ef7614"
FOREIGN KEY ("raw_listing_id")
  REFERENCES "raw_listings" ("id")
) /*application='Caster'*/[0m
  [1m[35m (5.0ms)[0m  [1m[35mCREATE INDEX "index_listing_snapshots_on_listing_id" ON "listing_snapshots" ("listing_id") /*application='Caster'*/[0m
  [1m[35m (4.9ms)[0m  [1m[35mCREATE INDEX "index_listing_snapshots_on_raw_listing_id" ON "listing_snapshots" ("raw_listing_id") /*application='Caster'*/[0m
  [1m[36mActiveRecord::SchemaMigration Create (0.1ms)[0m  [1m[32mINSERT INTO "schema_migrations" ("version") VALUES ('20260418013157') RETURNING "version" /*application='Caster'*/[0m
  [1m[36mTRANSACTION (1.0ms)[0m  [1m[35mCOMMIT /*application='Caster'*/[0m
  [1m[35m (0.1ms)[0m  [1m[34mSELECT pg_advisory_unlock(7302014074418807310) /*application='Caster'*/[0m
  [1m[36mActiveRecord::SchemaMigration Load (0.1ms)[0m  [1m[34mSELECT "schema_migrations"."version" FROM "schema_migrations" ORDER BY "schema_migrations"."version" ASC /*application='Caster'*/[0m
  [1m[35mSQL (0.0ms)[0m  [1m[35mSET search_path TO public /*application='Caster'*/[0m
  [1m[35mSQL (0.0ms)[0m  [1m[35mSET search_path TO "$user", public /*application='Caster'*/[0m
  [1m[35mSQL (0.0ms)[0m  [1m[35mSET search_path TO public /*application='Caster'*/[0m
  [1m[35mSQL (0.0ms)[0m  [1m[35mSET search_path TO "$user", public /*application='Caster'*/[0m
  [1m[36mActiveRecord::SchemaMigration Load (0.2ms)[0m  [1m[34mSELECT "schema_migrations"."version" FROM "schema_migrations" ORDER BY "schema_migrations"."version" ASC /*application='Caster'*/[0m
